{
  "RSpec": {
    "coverage": {
      "/Users/charlespaterson/Code/bank_tech_test/lib/account.rb": [
        1,
        null,
        1,
        null,
        1,
        8,
        8,
        8,
        null,
        null,
        1,
        3,
        null,
        null,
        1,
        3,
        3,
        null,
        null,
        1,
        6,
        null,
        5,
        5,
        null,
        null,
        1,
        7,
        7,
        null,
        null,
        1,
        null,
        1,
        7,
        null,
        null,
        1,
        7,
        7,
        14,
        null,
        7,
        null,
        null
      ],
      "/Users/charlespaterson/Code/bank_tech_test/lib/transaction.rb": [
        1,
        1,
        null,
        1,
        9,
        8,
        8,
        8,
        8,
        null,
        null,
        1,
        9,
        null,
        null,
        null
      ],
      "/Users/charlespaterson/Code/bank_tech_test/spec/account_spec.rb": [
        1,
        null,
        1,
        1,
        1,
        8,
        8,
        8,
        8,
        null,
        null,
        null,
        1,
        8,
        8,
        8,
        null,
        null,
        1,
        1,
        null,
        null,
        1,
        1,
        1,
        null,
        null,
        1,
        1,
        1,
        null,
        null,
        1,
        1,
        null,
        null,
        1,
        1,
        1,
        1,
        1,
        1,
        1,
        null,
        null,
        1,
        1,
        1,
        null,
        null,
        1,
        1,
        1,
        1,
        1,
        null,
        null,
        1,
        2,
        null,
        null
      ],
      "/Users/charlespaterson/Code/bank_tech_test/spec/transaction_spec.rb": [
        1,
        null,
        1,
        4,
        4,
        4,
        4,
        null,
        null,
        1,
        1,
        null,
        null,
        1,
        1,
        null,
        null,
        1,
        1,
        null,
        null,
        1,
        2,
        null,
        null
      ]
    },
    "timestamp": 2114380800
  }
}
