{
  "RSpec": {
    "coverage": {
      "/Users/charlespaterson/Code/bank_tech_test/lib/account.rb": [
        1,
        null,
        1,
        5,
        null,
        null,
        1,
        3,
        null,
        null,
        1,
        1,
        null,
        null,
        1,
        1,
        null,
        null
      ],
      "/Users/charlespaterson/Code/bank_tech_test/spec/account_spec.rb": [
        null,
        1,
        1,
        5,
        5,
        null,
        null,
        1,
        1,
        null,
        null,
        1,
        1,
        1,
        null,
        null,
        1,
        1,
        1,
        null,
        null,
        1,
        null,
        null,
        null,
        1,
        null,
        null,
        null
      ]
    },
    "timestamp": 1580128623
  }
}
